Using pre-set license
Built from '6000.0/release' branch; Version is '6000.0.46f1 (fb93bc360d3a) revision 16487356'; Using compiler version '193933523'; Build Type 'Release'
OS: 'Windows 11  (10.0.26100) 64bit Professional' Language: 'en' Physical Memory: 16194 MB
BatchMode: 1, IsHumanControllingUs: 0, StartBugReporterOnCrash: 0, Is64bit: 1, IsPro: 1

COMMAND LINE ARGUMENTS:
E:\Unity\6000.0.46f1\Editor\Unity.exe
-adb2
-batchMode
-noUpm
-name
AssetImportWorker1
-projectPath
C:/Users/drago/Downloads/tutorial-2d-game-unity-master/2212407_Hoàng Long/source
-logFile
Logs/AssetImportWorker1.log
-srvPort
50635
-job-worker-count
5
-background-job-worker-count
8
-gc-helper-count
1
Successfully changed project path to: C:/Users/drago/Downloads/tutorial-2d-game-unity-master/2212407_Hoàng Long/source
C:/Users/drago/Downloads/tutorial-2d-game-unity-master/2212407_Hoàng Long/source
[UnityMemory] Configuration Parameters - Can be set up in boot.config
    "memorysetup-bucket-allocator-granularity=16"
    "memorysetup-bucket-allocator-bucket-count=8"
    "memorysetup-bucket-allocator-block-size=33554432"
    "memorysetup-bucket-allocator-block-count=8"
    "memorysetup-main-allocator-block-size=16777216"
    "memorysetup-thread-allocator-block-size=16777216"
    "memorysetup-gfx-main-allocator-block-size=16777216"
    "memorysetup-gfx-thread-allocator-block-size=16777216"
    "memorysetup-cache-allocator-block-size=4194304"
    "memorysetup-typetree-allocator-block-size=2097152"
    "memorysetup-profiler-bucket-allocator-granularity=16"
    "memorysetup-profiler-bucket-allocator-bucket-count=8"
    "memorysetup-profiler-bucket-allocator-block-size=33554432"
    "memorysetup-profiler-bucket-allocator-block-count=8"
    "memorysetup-profiler-allocator-block-size=16777216"
    "memorysetup-profiler-editor-allocator-block-size=1048576"
    "memorysetup-temp-allocator-size-main=16777216"
    "memorysetup-job-temp-allocator-block-size=2097152"
    "memorysetup-job-temp-allocator-block-size-background=1048576"
    "memorysetup-job-temp-allocator-reduction-small-platforms=262144"
    "memorysetup-allocator-temp-initial-block-size-main=262144"
    "memorysetup-allocator-temp-initial-block-size-worker=262144"
    "memorysetup-temp-allocator-size-background-worker=32768"
    "memorysetup-temp-allocator-size-job-worker=262144"
    "memorysetup-temp-allocator-size-preload-manager=33554432"
    "memorysetup-temp-allocator-size-nav-mesh-worker=65536"
    "memorysetup-temp-allocator-size-audio-worker=65536"
    "memorysetup-temp-allocator-size-cloud-worker=32768"
    "memorysetup-temp-allocator-size-gi-baking-worker=262144"
    "memorysetup-temp-allocator-size-gi-baking-worker=262144"
    "memorysetup-temp-allocator-size-gi-baking-worker=262144"
    "memorysetup-temp-allocator-size-gi-baking-worker=262144"
    "memorysetup-temp-allocator-size-gi-baking-worker=262144"
    "memorysetup-temp-allocator-size-gfx=262144"
Player connection [8368]  Target information:

Player connection [8368]  * "[IP] 192.168.1.228 [Port] 0 [Flags] 2 [Guid] 2519328379 [EditorId] 2519328379 [Version] 1048832 [Id] WindowsEditor(7,DESKTOP-SJ9Q627) [Debug] 1 [PackageName] WindowsEditor [ProjectName] Editor" 

Player connection [8368] Host joined multi-casting on [225.0.0.222:54997]...
Player connection [8368] Host joined alternative multi-casting on [225.0.0.222:34997]...
JobSystem: Creating JobQueue using job-worker-count value 5
Input System module state changed to: Initialized.
[Physics::Module] Initialized fallback backend.
[Physics::Module] Id: 0xdecafbad
Library Redirect Path: Library/
[Physics::Module] Selected backend.
[Physics::Module] Name: PhysX
[Physics::Module] Id: 0xf2b8ea05
[Physics::Module] SDK Version: 4.1.2
[Physics::Module] Integration Version: 1.0.0
[Physics::Module] Threading Mode: Multi-Threaded
Refreshing native plugins compatible for Editor in 0.00 ms, found 0 plugins.
Preloading 0 native plugins for Editor in 0.00 ms.
Initialize engine version: 6000.0.46f1 (fb93bc360d3a)
[Subsystems] Discovering subsystems at path E:/Unity/6000.0.46f1/Editor/Data/Resources/UnitySubsystems
[Subsystems] Discovering subsystems at path C:/Users/drago/Downloads/tutorial-2d-game-unity-master/2212407_Hoàng Long/source/Assets
GfxDevice: creating device client; kGfxThreadingModeNonThreaded
Direct3D:
    Version:  Direct3D 11.0 [level 11.1]
    Renderer: NVIDIA GeForce RTX 2060 SUPER (ID=0x1f06)
    Vendor:   NVIDIA
    VRAM:     8006 MB
    Driver:   32.0.15.6094
Initialize mono
Mono path[0] = 'E:/Unity/6000.0.46f1/Editor/Data/Managed'
Mono path[1] = 'E:/Unity/6000.0.46f1/Editor/Data/MonoBleedingEdge/lib/mono/unityjit-win32'
Mono config path = 'E:/Unity/6000.0.46f1/Editor/Data/MonoBleedingEdge/etc'
Using monoOptions --debugger-agent=transport=dt_socket,embedding=1,server=y,suspend=n,address=127.0.0.1:56136
Begin MonoManager ReloadAssembly
Registering precompiled unity dll's ...
Register platform support module: E:/Unity/6000.0.46f1/Editor/Data/PlaybackEngines/WindowsStandaloneSupport/UnityEditor.WindowsStandalone.Extensions.dll
Registered in 0.001726 seconds.
- Loaded All Assemblies, in  0.373 seconds
Native extension for WindowsStandalone target not found
Mono: successfully reloaded assembly
- Finished resetting the current domain, in  0.325 seconds
Domain Reload Profiling: 698ms
	BeginReloadAssembly (122ms)
		ExecutionOrderSort (0ms)
		DisableScriptedObjects (0ms)
		BackupInstance (0ms)
		ReleaseScriptingObjects (0ms)
		CreateAndSetChildDomain (1ms)
	RebuildCommonClasses (42ms)
	RebuildNativeTypeToScriptingClass (14ms)
	initialDomainReloadingComplete (42ms)
	LoadAllAssembliesAndSetupDomain (152ms)
		LoadAssemblies (121ms)
		RebuildTransferFunctionScriptingTraits (0ms)
		AnalyzeDomain (149ms)
			TypeCache.Refresh (148ms)
				TypeCache.ScanAssembly (137ms)
			BuildScriptInfoCaches (0ms)
			ResolveRequiredComponents (0ms)
	FinalizeReload (325ms)
		ReleaseScriptCaches (0ms)
		RebuildScriptCaches (0ms)
		SetupLoadedEditorAssemblies (296ms)
			LogAssemblyErrors (0ms)
			InitializePlatformSupportModulesInManaged (21ms)
			SetLoadedEditorAssemblies (5ms)
			BeforeProcessingInitializeOnLoad (56ms)
			ProcessInitializeOnLoadAttributes (164ms)
			ProcessInitializeOnLoadMethodAttributes (50ms)
			AfterProcessingInitializeOnLoad (0ms)
			EditorAssembliesLoaded (0ms)
		ExecutionOrderSort2 (0ms)
		AwakeInstancesAfterBackupRestoration (0ms)
========================================================================
Worker process is ready to serve import requests
Import Worker Mode flag is 0x00
Begin MonoManager ReloadAssembly
- Loaded All Assemblies, in  0.236 seconds
Refreshing native plugins compatible for Editor in 0.00 ms, found 0 plugins.
Native extension for WindowsStandalone target not found
Mono: successfully reloaded assembly
- Finished resetting the current domain, in  0.329 seconds
Domain Reload Profiling: 565ms
	BeginReloadAssembly (155ms)
		ExecutionOrderSort (0ms)
		DisableScriptedObjects (5ms)
		BackupInstance (0ms)
		ReleaseScriptingObjects (0ms)
		CreateAndSetChildDomain (27ms)
	RebuildCommonClasses (32ms)
	RebuildNativeTypeToScriptingClass (11ms)
	initialDomainReloadingComplete (13ms)
	LoadAllAssembliesAndSetupDomain (24ms)
		LoadAssemblies (97ms)
		RebuildTransferFunctionScriptingTraits (0ms)
		AnalyzeDomain (18ms)
			TypeCache.Refresh (10ms)
				TypeCache.ScanAssembly (6ms)
			BuildScriptInfoCaches (4ms)
			ResolveRequiredComponents (2ms)
	FinalizeReload (329ms)
		ReleaseScriptCaches (0ms)
		RebuildScriptCaches (0ms)
		SetupLoadedEditorAssemblies (217ms)
			LogAssemblyErrors (0ms)
			InitializePlatformSupportModulesInManaged (3ms)
			SetLoadedEditorAssemblies (3ms)
			BeforeProcessingInitializeOnLoad (57ms)
			ProcessInitializeOnLoadAttributes (125ms)
			ProcessInitializeOnLoadMethodAttributes (28ms)
			AfterProcessingInitializeOnLoad (2ms)
			EditorAssembliesLoaded (0ms)
		ExecutionOrderSort2 (0ms)
		AwakeInstancesAfterBackupRestoration (8ms)
Launched and connected shader compiler UnityShaderCompiler.exe after 0.01 seconds
Refreshing native plugins compatible for Editor in 0.00 ms, found 0 plugins.
Preloading 0 native plugins for Editor in 0.00 ms.
Unloading 7 Unused Serialized files (Serialized files now loaded: 0)
Unloading 418 unused Assets / (76.5 KB). Loaded Objects now: 915.
Memory consumption went from 56.2 MB to 56.1 MB.
Total: 3.583900 ms (FindLiveObjects: 0.050700 ms CreateObjectMapping: 0.014400 ms MarkObjects: 3.365800 ms  DeleteObjects: 0.151800 ms)

========================================================================
Received Import Request.
  Time since last request: 1412.937046 seconds.
  path: Assets/Animations/Boss_Attack.anim
  artifactKey: Guid(c37d572e69a1409448dc56cfaa6ccd0f) Importer(2089858483,192608db42251d675da83286b1cce702)
Start importing Assets/Animations/Boss_Attack.anim using Guid(c37d572e69a1409448dc56cfaa6ccd0f) Importer(2089858483,192608db42251d675da83286b1cce702) (ScriptedImporter) -> (artifact id: '7c03ae83da10a2057b6017cb033c3781') in 0.1254991 seconds
Number of updated asset objects reloaded before import = 0Number of asset objects unloaded after import = 1

========================================================================
Received Import Request.
  Time since last request: 0.000020 seconds.
  path: Assets/Prefabs/Poulpi.prefab
  artifactKey: Guid(48a324092af677249af49e82fdcfd65f) Importer(2089858483,192608db42251d675da83286b1cce702)
Start importing Assets/Prefabs/Poulpi.prefab using Guid(48a324092af677249af49e82fdcfd65f) Importer(2089858483,192608db42251d675da83286b1cce702) (ScriptedImporter) -> (artifact id: '82c58cf3346a3d5361489c1d8def6654') in 0.0533725 seconds
Number of updated asset objects reloaded before import = 0Number of asset objects unloaded after import = 28

========================================================================
Received Import Request.
  Time since last request: 0.000013 seconds.
  path: Assets/Sprites/shot_boss.png
  artifactKey: Guid(b6df4e44a398a564cb45751cbca3b53d) Importer(2089858483,192608db42251d675da83286b1cce702)
Start importing Assets/Sprites/shot_boss.png using Guid(b6df4e44a398a564cb45751cbca3b53d) Importer(2089858483,192608db42251d675da83286b1cce702) (ScriptedImporter) -> (artifact id: '8cd6427415bed5d2964db56f69c19fec') in 0.0515928 seconds
Number of updated asset objects reloaded before import = 0Number of asset objects unloaded after import = 3

========================================================================
Received Import Request.
  Time since last request: 0.000019 seconds.
  path: Assets/Sprites/boss.png
  artifactKey: Guid(df71115658e362c4e88099dc2eb66656) Importer(2089858483,192608db42251d675da83286b1cce702)
Start importing Assets/Sprites/boss.png using Guid(df71115658e362c4e88099dc2eb66656) Importer(2089858483,192608db42251d675da83286b1cce702) (ScriptedImporter) -> (artifact id: 'd29cf7e63355519b17510a2f192bf93c') in 0.0320134 seconds
Number of updated asset objects reloaded before import = 0Number of asset objects unloaded after import = 14

========================================================================
Received Import Request.
  Time since last request: 0.000026 seconds.
  path: Assets/Prefabs/Particles/SmokeEffect.prefab
  artifactKey: Guid(6436fcaa6c72eab4abec899276f0cc48) Importer(2089858483,192608db42251d675da83286b1cce702)
Start importing Assets/Prefabs/Particles/SmokeEffect.prefab using Guid(6436fcaa6c72eab4abec899276f0cc48) Importer(2089858483,192608db42251d675da83286b1cce702) (ScriptedImporter) -> (artifact id: 'b8260471c8bd9dbb98e129c263922017') in 0.0600493 seconds
Number of updated asset objects reloaded before import = 0Number of asset objects unloaded after import = 6

========================================================================
Received Import Request.
  Time since last request: 0.000013 seconds.
  path: Assets/Prefabs/EnemyShot1.prefab
  artifactKey: Guid(8b9024d0a8ea0a14a8793becc7d30d22) Importer(2089858483,192608db42251d675da83286b1cce702)
Start importing Assets/Prefabs/EnemyShot1.prefab using Guid(8b9024d0a8ea0a14a8793becc7d30d22) Importer(2089858483,192608db42251d675da83286b1cce702) (ScriptedImporter) -> (artifact id: 'aa55aceb2dfcf144bba9fd5182903fe6') in 0.0183841 seconds
Number of updated asset objects reloaded before import = 0Number of asset objects unloaded after import = 11

========================================================================
Received Import Request.
  Time since last request: 0.000014 seconds.
  path: Assets/Resources/GUISkin.guiskin
  artifactKey: Guid(f13d9cb0798d968459dfa77248e87b4b) Importer(2089858483,192608db42251d675da83286b1cce702)
Start importing Assets/Resources/GUISkin.guiskin using Guid(f13d9cb0798d968459dfa77248e87b4b) Importer(2089858483,192608db42251d675da83286b1cce702) (ScriptedImporter) -> (artifact id: 'b8d50c38968713ef1a5e6f8ed603155f') in 0.0473161 seconds
Number of updated asset objects reloaded before import = 0Number of asset objects unloaded after import = 1

========================================================================
Received Import Request.
  Time since last request: 0.000016 seconds.
  path: Assets/Scripts/BossScript.cs
  artifactKey: Guid(459946d29af33954c8e7565e005e220f) Importer(2089858483,192608db42251d675da83286b1cce702)
Start importing Assets/Scripts/BossScript.cs using Guid(459946d29af33954c8e7565e005e220f) Importer(2089858483,192608db42251d675da83286b1cce702) (ScriptedImporter) -> (artifact id: 'c6f37181f52fc61c7da36d16c485385e') in 0.0111171 seconds
Number of updated asset objects reloaded before import = 0Number of asset objects unloaded after import = 0

========================================================================
Received Import Request.
  Time since last request: 0.000041 seconds.
  path: Assets/Scripts/SpecialEffectsHelper.cs
  artifactKey: Guid(877437a3ff691594f8163731e0cb99bc) Importer(2089858483,192608db42251d675da83286b1cce702)
Start importing Assets/Scripts/SpecialEffectsHelper.cs using Guid(877437a3ff691594f8163731e0cb99bc) Importer(2089858483,192608db42251d675da83286b1cce702) (ScriptedImporter) -> (artifact id: '59e8eb1843fa83c8abc119c22e879451') in 0.0104691 seconds
Number of updated asset objects reloaded before import = 0Number of asset objects unloaded after import = 0

========================================================================
Received Import Request.
  Time since last request: 0.000047 seconds.
  path: Assets/Scripts/RendererExtensions.cs
  artifactKey: Guid(a4be1c89a896c654bb3644e188530ee5) Importer(2089858483,192608db42251d675da83286b1cce702)
Start importing Assets/Scripts/RendererExtensions.cs using Guid(a4be1c89a896c654bb3644e188530ee5) Importer(2089858483,192608db42251d675da83286b1cce702) (ScriptedImporter) -> (artifact id: 'b65d355621b10399b77a1815fa80aef9') in 0.0134277 seconds
Number of updated asset objects reloaded before import = 0Number of asset objects unloaded after import = 0

========================================================================
Received Import Request.
  Time since last request: 0.000060 seconds.
  path: Assets/Sounds/sound_shot_player.wav
  artifactKey: Guid(075599586aa9dae4cae110844efc4f36) Importer(2089858483,192608db42251d675da83286b1cce702)
Start importing Assets/Sounds/sound_shot_player.wav using Guid(075599586aa9dae4cae110844efc4f36) Importer(2089858483,192608db42251d675da83286b1cce702) (ScriptedImporter) -> (artifact id: '50de7f15b6bba0bd3d06b5cd24525f42') in 0.0297015 seconds
Number of updated asset objects reloaded before import = 0Number of asset objects unloaded after import = 1

========================================================================
Received Import Request.
  Time since last request: 0.000029 seconds.
  path: Assets/Scripts/GameOverScript.cs
  artifactKey: Guid(60f361901aa1cf04493b66d60f0975c5) Importer(2089858483,192608db42251d675da83286b1cce702)
Start importing Assets/Scripts/GameOverScript.cs using Guid(60f361901aa1cf04493b66d60f0975c5) Importer(2089858483,192608db42251d675da83286b1cce702) (ScriptedImporter) -> (artifact id: '8409df4f59ce148431cfffc4a236928c') in 0.0108876 seconds
Number of updated asset objects reloaded before import = 0Number of asset objects unloaded after import = 0

========================================================================
Received Import Request.
  Time since last request: 0.000019 seconds.
  path: Assets/Sounds/sound_explosion.wav
  artifactKey: Guid(5d19de3bc7b5be047a67cb56d46958c5) Importer(2089858483,192608db42251d675da83286b1cce702)
Start importing Assets/Sounds/sound_explosion.wav using Guid(5d19de3bc7b5be047a67cb56d46958c5) Importer(2089858483,192608db42251d675da83286b1cce702) (ScriptedImporter) -> (artifact id: '1dfc612145955c586041a2a425b7579b') in 0.0210249 seconds
Number of updated asset objects reloaded before import = 0Number of asset objects unloaded after import = 1

========================================================================
Received Import Request.
  Time since last request: 0.000025 seconds.
  path: Assets/Sprites/Menu/button.png
  artifactKey: Guid(254da917756c3894fa66c7a354289153) Importer(2089858483,192608db42251d675da83286b1cce702)
Start importing Assets/Sprites/Menu/button.png using Guid(254da917756c3894fa66c7a354289153) Importer(2089858483,192608db42251d675da83286b1cce702) (ScriptedImporter) -> (artifact id: 'a23c57590d57738474abdcb535fb28df') in 0.0223012 seconds
Number of updated asset objects reloaded before import = 0Number of asset objects unloaded after import = 3

